{"instruction": "You are a QA decision engine. Analyze pytest output and return a JSON decision.", "input": "\n\u001b[31mImportError while loading conftest '/Users/vishweshpv/Coding/Python/QA_Unit_Test_Model/qa_llm_data/repos/browser-use__browser-use/tests/ci/conftest.py'.\u001b[0m\n\u001b[31m\u001b[1m\u001b[31mqa_llm_data/repos/browser-use__browser-use/tests/ci/conftest.py\u001b[0m:13: in <module>\u001b[0m\n\u001b[31m    \u001b[0m\u001b[94mfrom\u001b[39;49;00m\u001b[90m \u001b[39;49;00m\u001b[04m\u001b[96mdotenv\u001b[39;49;00m\u001b[90m \u001b[39;49;00m\u001b[94mimport\u001b[39;49;00m load_dotenv\u001b[90m\u001b[39;49;00m\u001b[0m\n\u001b[31m\u001b[1m\u001b[31mE   ModuleNotFoundError: No module named 'dotenv'\u001b[0m\u001b[0m\n", "output": "{\"classification\": \"ImportError\", \"qa_label\": \"not_production_ready\", \"qa_decision\": \"BLOCK\"}"}
{"instruction": "You are a QA decision engine. Analyze pytest output and return a JSON decision.", "input": "\n\u001b[31mImportError while loading conftest '/Users/vishweshpv/Coding/Python/QA_Unit_Test_Model/qa_llm_data/repos/hiyouga__LLaMA-Factory/tests/conftest.py'.\u001b[0m\n\u001b[31m\u001b[1m\u001b[31mqa_llm_data/repos/hiyouga__LLaMA-Factory/tests/conftest.py\u001b[0m:26: in <module>\u001b[0m\n\u001b[31m    \u001b[0m\u001b[94mfrom\u001b[39;49;00m\u001b[90m \u001b[39;49;00m\u001b[04m\u001b[96mllamafactory\u001b[39;49;00m\u001b[04m\u001b[96m.\u001b[39;49;00m\u001b[04m\u001b[96mextras\u001b[39;49;00m\u001b[04m\u001b[96m.\u001b[39;49;00m\u001b[04m\u001b[96mmisc\u001b[39;49;00m\u001b[90m \u001b[39;49;00m\u001b[94mimport\u001b[39;49;00m get_current_device, get_device_count, is_env_enabled\u001b[90m\u001b[39;49;00m\u001b[0m\n\u001b[31m\u001b[1m\u001b[31mE   ModuleNotFoundError: No module named 'llamafactory'\u001b[0m\u001b[0m\n", "output": "{\"classification\": \"ImportError\", \"qa_label\": \"not_production_ready\", \"qa_decision\": \"BLOCK\"}"}
{"instruction": "You are a QA decision engine. Analyze pytest output and return a JSON decision.", "input": "\u001b[1m============================= test session starts ==============================\u001b[0m\nplatform darwin -- Python 3.10.19, pytest-9.0.2, pluggy-1.6.0\nrootdir: /Users/vishweshpv/Coding/Python/QA_Unit_Test_Model/qa_llm_data/repos/comfyanonymous__ComfyUI\nconfigfile: pytest.ini\nplugins: anyio-4.12.0, xdist-3.8.0, cov-7.0.0\ncollected 0 items / 1 error\n\n==================================== ERRORS ====================================\n\u001b[31m\u001b[1m______ ERROR collecting tests-unit/comfy_extras_test/image_stitch_test.py ______\u001b[0m\n\u001b[31mImportError while importing test module '/Users/vishweshpv/Coding/Python/QA_Unit_Test_Model/qa_llm_data/repos/comfyanonymous__ComfyUI/tests-unit/comfy_extras_test/image_stitch_test.py'.\nHint: make sure your test modules/packages have valid Python names.\nTraceback:\n\u001b[1m\u001b[31m/opt/anaconda3/envs/tf_py310123/lib/python3.10/importlib/__init__.py\u001b[0m:126: in import_module\n    \u001b[0m\u001b[94mreturn\u001b[39;49;00m _bootstrap._gcd_import(name[level:], package, level)\u001b[90m\u001b[39;49;00m\n\u001b[1m\u001b[31mqa_llm_data/repos/comfyanonymous__ComfyUI/tests-unit/comfy_extras_test/image_stitch_test.py\u001b[0m:12: in <module>\n    \u001b[0m\u001b[94mfrom\u001b[39;49;00m\u001b[90m \u001b[39;49;00m\u001b[04m\u001b[96mcomfy_extras\u001b[39;49;00m\u001b[04m\u001b[96m.\u001b[39;49;00m\u001b[04m\u001b[96mnodes_images\u001b[39;49;00m\u001b[90m \u001b[39;49;00m\u001b[94mimport\u001b[39;49;00m ImageStitch\u001b[90m\u001b[39;49;00m\n\u001b[1m\u001b[31mqa_llm_data/repos/comfyanonymous__ComfyUI/comfy_extras/nodes_images.py\u001b[0m:17: in <module>\n    \u001b[0m\u001b[94mimport\u001b[39;49;00m\u001b[90m \u001b[39;49;00m\u001b[04m\u001b[96mcomfy\u001b[39;49;00m\u001b[04m\u001b[96m.\u001b[39;49;00m\u001b[04m\u001b[96mutils\u001b[39;49;00m\u001b[90m\u001b[39;49;00m\n\u001b[1m\u001b[31mqa_llm_data/repos/comfyanonymous__ComfyUI/comfy/utils.py\u001b[0m:30: in <module>\n    \u001b[0m\u001b[94mfrom\u001b[39;49;00m\u001b[90m \u001b[39;49;00m\u001b[04m\u001b[96meinops\u001b[39;49;00m\u001b[90m \u001b[39;49;00m\u001b[94mimport\u001b[39;49;00m rearrange\u001b[90m\u001b[39;49;00m\n\u001b[1m\u001b[31mE   ModuleNotFoundError: No module named 'einops'\u001b[0m\u001b[0m\n\u001b[36m\u001b[1m=========================== short test summary info ============================\u001b[0m\n\u001b[31mERROR\u001b[0m qa_llm_data/repos/comfyanonymous__ComfyU\n", "output": "{\"classification\": \"ImportError\", \"qa_label\": \"not_production_ready\", \"qa_decision\": \"BLOCK\"}"}
{"instruction": "You are a QA decision engine. Analyze pytest output and return a JSON decision.", "input": "\n\u001b[31mImportError while loading conftest '/Users/vishweshpv/Coding/Python/QA_Unit_Test_Model/qa_llm_data/repos/FoundationAgents__MetaGPT/tests/conftest.py'.\u001b[0m\n\u001b[31m\u001b[1m\u001b[31mqa_llm_data/repos/FoundationAgents__MetaGPT/tests/conftest.py\u001b[0m:20: in <module>\u001b[0m\n\u001b[31m    \u001b[0m\u001b[94mfrom\u001b[39;49;00m\u001b[90m \u001b[39;49;00m\u001b[04m\u001b[96mmetagpt\u001b[39;49;00m\u001b[04m\u001b[96m.\u001b[39;49;00m\u001b[04m\u001b[96mconst\u001b[39;49;00m\u001b[90m \u001b[39;49;00m\u001b[94mimport\u001b[39;49;00m DEFAULT_WORKSPACE_ROOT, TEST_DATA_PATH\u001b[90m\u001b[39;49;00m\u001b[0m\n\u001b[31m\u001b[1m\u001b[31mqa_llm_data/repos/FoundationAgents__MetaGPT/metagpt/const.py\u001b[0m:7: in <module>\u001b[0m\n\u001b[31m    \u001b[0m\u001b[94mfrom\u001b[39;49;00m\u001b[90m \u001b[39;49;00m\u001b[04m\u001b[96mloguru\u001b[39;49;00m\u001b[90m \u001b[39;49;00m\u001b[94mimport\u001b[39;49;00m logger\u001b[90m\u001b[39;49;00m\u001b[0m\n\u001b[31m\u001b[1m\u001b[31mE   ModuleNotFoundError: No module named 'loguru'\u001b[0m\u001b[0m\n", "output": "{\"classification\": \"ImportError\", \"qa_label\": \"not_production_ready\", \"qa_decision\": \"BLOCK\"}"}
{"instruction": "You are a QA decision engine. Analyze pytest output and return a JSON decision.", "input": "\u001b[1m============================= test session starts ==============================\u001b[0m\nplatform darwin -- Python 3.10.19, pytest-9.0.2, pluggy-1.6.0\nrootdir: /Users/vishweshpv/Coding/Python/QA_Unit_Test_Model/qa_llm_data/repos/OpenHands__OpenHands\nconfigfile: pytest.ini\nplugins: anyio-4.12.0, xdist-3.8.0, cov-7.0.0\ncollected 0 items / 2 errors\n\n==================================== ERRORS ====================================\n\u001b[31m\u001b[1m______ ERROR collecting tests/unit/controller/state/test_control_flags.py ______\u001b[0m\n\u001b[31mImportError while importing test module '/Users/vishweshpv/Coding/Python/QA_Unit_Test_Model/qa_llm_data/repos/OpenHands__OpenHands/tests/unit/controller/state/test_control_flags.py'.\nHint: make sure your test modules/packages have valid Python names.\nTraceback:\n\u001b[1m\u001b[31m/opt/anaconda3/envs/tf_py310123/lib/python3.10/importlib/__init__.py\u001b[0m:126: in import_module\n    \u001b[0m\u001b[94mreturn\u001b[39;49;00m _bootstrap._gcd_import(name[level:], package, level)\u001b[90m\u001b[39;49;00m\n\u001b[1m\u001b[31mqa_llm_data/repos/OpenHands__OpenHands/tests/unit/controller/state/test_control_flags.py\u001b[0m:3: in <module>\n    \u001b[0m\u001b[94mfrom\u001b[39;49;00m\u001b[90m \u001b[39;49;00m\u001b[04m\u001b[96mopenhands\u001b[39;49;00m\u001b[04m\u001b[96m.\u001b[39;49;00m\u001b[04m\u001b[96mcontroller\u001b[39;49;00m\u001b[04m\u001b[96m.\u001b[39;49;00m\u001b[04m\u001b[96mstate\u001b[39;49;00m\u001b[04m\u001b[96m.\u001b[39;49;00m\u001b[04m\u001b[96mcontrol_flags\u001b[39;49;00m\u001b[90m \u001b[39;49;00m\u001b[94mimport\u001b[39;49;00m (\u001b[90m\u001b[39;49;00m\n\u001b[1m\u001b[31mE   ModuleNotFoundError: No module named 'openhands'\u001b[0m\u001b[0m\n\u001b[31m\u001b[1m__________ ERROR collecting tests/unit/controller/state/test_state.py __________\u001b[0m\n\u001b[31mImportError while importing test module '/Users/vishweshpv/Coding/Python/QA_Unit_Test_Model/qa_llm_data/repos/OpenHands__OpenHands/tests/unit/controller/state/test_state.py'.\nHint: make sure your test modules/packages have valid Python names.\nTraceback:\n\u001b[1m\u001b[31m/opt/anaconda3/envs/tf_py310123/lib/python3.10/importlib/__init__.py\u001b[0m:126: in import_module\n    \u001b[0m\u001b[94mreturn\u001b[39;49;00m _bootstrap._gcd_import(name[level:], pac\n", "output": "{\"classification\": \"ImportError\", \"qa_label\": \"not_production_ready\", \"qa_decision\": \"BLOCK\"}"}
{"instruction": "You are a QA decision engine. Analyze pytest output and return a JSON decision.", "input": "\u001b[1m============================= test session starts ==============================\u001b[0m\nplatform darwin -- Python 3.10.19, pytest-9.0.2, pluggy-1.6.0\nrootdir: /Users/vishweshpv/Coding/Python/QA_Unit_Test_Model/qa_llm_data/repos/OpenHands__OpenHands\nconfigfile: pytest.ini\nplugins: anyio-4.12.0, xdist-3.8.0, cov-7.0.0\ncollected 0 items / 2 errors\n\n==================================== ERRORS ====================================\n\u001b[31m\u001b[1m_ ERROR collecting evaluation/benchmarks/versicode/inference_utils/test_block.py _\u001b[0m\n\u001b[31mImportError while importing test module '/Users/vishweshpv/Coding/Python/QA_Unit_Test_Model/qa_llm_data/repos/OpenHands__OpenHands/evaluation/benchmarks/versicode/inference_utils/test_block.py'.\nHint: make sure your test modules/packages have valid Python names.\nTraceback:\n\u001b[1m\u001b[31m/opt/anaconda3/envs/tf_py310123/lib/python3.10/importlib/__init__.py\u001b[0m:126: in import_module\n    \u001b[0m\u001b[94mreturn\u001b[39;49;00m _bootstrap._gcd_import(name[level:], package, level)\u001b[90m\u001b[39;49;00m\n\u001b[1m\u001b[31mqa_llm_data/repos/OpenHands__OpenHands/evaluation/benchmarks/versicode/inference_utils/test_block.py\u001b[0m:10: in <module>\n    \u001b[0m\u001b[94mimport\u001b[39;49;00m\u001b[90m \u001b[39;49;00m\u001b[04m\u001b[96mtiktoken\u001b[39;49;00m\u001b[90m\u001b[39;49;00m\n\u001b[1m\u001b[31mE   ModuleNotFoundError: No module named 'tiktoken'\u001b[0m\u001b[0m\n\u001b[31m\u001b[1m_ ERROR collecting evaluation/benchmarks/versicode/inference_utils/test_migration.py _\u001b[0m\n\u001b[31mImportError while importing test module '/Users/vishweshpv/Coding/Python/QA_Unit_Test_Model/qa_llm_data/repos/OpenHands__OpenHands/evaluation/benchmarks/versicode/inference_utils/test_migration.py'.\nHint: make sure your test modules/packages have valid Python names.\nTraceback:\n\u001b[1m\u001b[31m/opt/anaconda3/envs/tf_py310123/lib/python3.10/importlib/__init__.py\u001b[0m:126: in import_module\n    \u001b[0m\u001b[94mreturn\u001b[39;49;00m _bootstrap._gcd_import(name[level:], package, level)\u001b[90m\u001b[39;49;00m\n\u001b[1m\u001b[31mqa_llm_data/repos/OpenHands__OpenHands/evaluation/benchmarks/versicode/inference_utils/test_migration.p\n", "output": "{\"classification\": \"ImportError\", \"qa_label\": \"not_production_ready\", \"qa_decision\": \"BLOCK\"}"}
{"instruction": "You are a QA decision engine. Analyze pytest output and return a JSON decision.", "input": "\u001b[1m============================= test session starts ==============================\u001b[0m\nplatform darwin -- Python 3.10.19, pytest-9.0.2, pluggy-1.6.0\nrootdir: /Users/vishweshpv/Coding/Python/QA_Unit_Test_Model/qa_llm_data/repos/unclecode__crawl4ai\nconfigfile: pyproject.toml\nplugins: anyio-4.12.0, xdist-3.8.0, cov-7.0.0\ncollected 1 item / 4 errors\n\n==================================== ERRORS ====================================\n\u001b[31m\u001b[1m___ ERROR collecting docs/examples/undetectability/undetected_basic_test.py ____\u001b[0m\n\u001b[31mImportError while importing test module '/Users/vishweshpv/Coding/Python/QA_Unit_Test_Model/qa_llm_data/repos/unclecode__crawl4ai/docs/examples/undetectability/undetected_basic_test.py'.\nHint: make sure your test modules/packages have valid Python names.\nTraceback:\n\u001b[1m\u001b[31m/opt/anaconda3/envs/tf_py310123/lib/python3.10/importlib/__init__.py\u001b[0m:126: in import_module\n    \u001b[0m\u001b[94mreturn\u001b[39;49;00m _bootstrap._gcd_import(name[level:], package, level)\u001b[90m\u001b[39;49;00m\n\u001b[1m\u001b[31mqa_llm_data/repos/unclecode__crawl4ai/docs/examples/undetectability/undetected_basic_test.py\u001b[0m:7: in <module>\n    \u001b[0m\u001b[94mfrom\u001b[39;49;00m\u001b[90m \u001b[39;49;00m\u001b[04m\u001b[96mcrawl4ai\u001b[39;49;00m\u001b[90m \u001b[39;49;00m\u001b[94mimport\u001b[39;49;00m AsyncWebCrawler, BrowserConfig\u001b[90m\u001b[39;49;00m\n\u001b[1m\u001b[31mE   ModuleNotFoundError: No module named 'crawl4ai'\u001b[0m\u001b[0m\n\u001b[31m\u001b[1m____ ERROR collecting docs/examples/undetectability/undetected_bot_test.py _____\u001b[0m\n\u001b[31mImportError while importing test module '/Users/vishweshpv/Coding/Python/QA_Unit_Test_Model/qa_llm_data/repos/unclecode__crawl4ai/docs/examples/undetectability/undetected_bot_test.py'.\nHint: make sure your test modules/packages have valid Python names.\nTraceback:\n\u001b[1m\u001b[31m/opt/anaconda3/envs/tf_py310123/lib/python3.10/importlib/__init__.py\u001b[0m:126: in import_module\n    \u001b[0m\u001b[94mreturn\u001b[39;49;00m _bootstrap._gcd_import(name[level:], package, level)\u001b[90m\u001b[39;49;00m\n\u001b[1m\u001b[31mqa_llm_data/repos/unclecode__crawl4ai/docs/examples/undetectability/unde\n", "output": "{\"classification\": \"ImportError\", \"qa_label\": \"not_production_ready\", \"qa_decision\": \"BLOCK\"}"}
{"instruction": "You are a QA decision engine. Analyze pytest output and return a JSON decision.", "input": "\u001b[1m============================= test session starts ==============================\u001b[0m\nplatform darwin -- Python 3.10.19, pytest-9.0.2, pluggy-1.6.0\nrootdir: /Users/vishweshpv/Coding/Python/QA_Unit_Test_Model/qa_llm_data/repos/unclecode__crawl4ai\nconfigfile: pyproject.toml\nplugins: anyio-4.12.0, xdist-3.8.0, cov-7.0.0\ncollected 0 items / 1 error\n\n==================================== ERRORS ====================================\n\u001b[31m\u001b[1m__________________ ERROR collecting tests/hub/test_simple.py ___________________\u001b[0m\n\u001b[31mImportError while importing test module '/Users/vishweshpv/Coding/Python/QA_Unit_Test_Model/qa_llm_data/repos/unclecode__crawl4ai/tests/hub/test_simple.py'.\nHint: make sure your test modules/packages have valid Python names.\nTraceback:\n\u001b[1m\u001b[31m/opt/anaconda3/envs/tf_py310123/lib/python3.10/importlib/__init__.py\u001b[0m:126: in import_module\n    \u001b[0m\u001b[94mreturn\u001b[39;49;00m _bootstrap._gcd_import(name[level:], package, level)\u001b[90m\u001b[39;49;00m\n\u001b[1m\u001b[31mqa_llm_data/repos/unclecode__crawl4ai/tests/hub/test_simple.py\u001b[0m:2: in <module>\n    \u001b[0m\u001b[94mfrom\u001b[39;49;00m\u001b[90m \u001b[39;49;00m\u001b[04m\u001b[96mcrawl4ai\u001b[39;49;00m\u001b[90m \u001b[39;49;00m\u001b[94mimport\u001b[39;49;00m CrawlerHub\u001b[90m\u001b[39;49;00m\n\u001b[1m\u001b[31mE   ModuleNotFoundError: No module named 'crawl4ai'\u001b[0m\u001b[0m\n\u001b[36m\u001b[1m=========================== short test summary info ============================\u001b[0m\n\u001b[31mERROR\u001b[0m qa_llm_data/repos/unclecode__crawl4ai/tests/hub/test_simple.py\n!!!!!!!!!!!!!!!!!!!! Interrupted: 1 error during collection !!!!!!!!!!!!!!!!!!!!\n\u001b[31m=============================== \u001b[31m\u001b[1m1 error\u001b[0m\u001b[31m in 0.11s\u001b[0m\u001b[31m ===============================\u001b[0m\n\n", "output": "{\"classification\": \"ImportError\", \"qa_label\": \"not_production_ready\", \"qa_decision\": \"BLOCK\"}"}
{"instruction": "You are a QA decision engine. Analyze pytest output and return a JSON decision.", "input": "\nTraceback (most recent call last):\n  File \"/opt/anaconda3/envs/tf_py310123/lib/python3.10/site-packages/_pytest/config/__init__.py\", line 879, in import_plugin\n    __import__(importspec)\n  File \"/opt/anaconda3/envs/tf_py310123/lib/python3.10/site-packages/_pytest/assertion/rewrite.py\", line 197, in exec_module\n    exec(co, module.__dict__)\n  File \"/Users/vishweshpv/Coding/Python/QA_Unit_Test_Model/qa_llm_data/repos/zylon-ai__private-gpt/tests/fixtures/mock_injector.py\", line 6, in <module>\n    from injector import Provider, ScopeDecorator, singleton\nModuleNotFoundError: No module named 'injector'\n\nThe above exception was the direct cause of the following exception:\n\nTraceback (most recent call last):\n  File \"/opt/anaconda3/envs/tf_py310123/bin/pytest\", line 7, in <module>\n    sys.exit(console_main())\n  File \"/opt/anaconda3/envs/tf_py310123/lib/python3.10/site-packages/_pytest/config/__init__.py\", line 223, in console_main\n    code = main()\n  File \"/opt/anaconda3/envs/tf_py310123/lib/python3.10/site-packages/_pytest/config/__init__.py\", line 193, in main\n    config = _prepareconfig(new_args, plugins)\n  File \"/opt/anaconda3/envs/tf_py310123/lib/python3.10/site-packages/_pytest/config/__init__.py\", line 361, in _prepareconfig\n    config: Config = pluginmanager.hook.pytest_cmdline_parse(\n  File \"/opt/anaconda3/envs/tf_py310123/lib/python3.10/site-packages/pluggy/_hooks.py\", line 512, in __call__\n    return self._hookexec(self.name, self._hookimpls.copy(), kwargs, firstresult)\n  File \"/opt/anaconda3/envs/tf_py310123/lib/python3.10/site-packages/pluggy/_manager.py\", line 120, in _hookexec\n    return self._inner_hookexec(hook_name, methods, kwargs, firstresult)\n  File \"/opt/anaconda3/envs/tf_py310123/lib/python3.10/site-packages/pluggy/_callers.py\", line 167, in _multicall\n    raise exception\n  File \"/opt/anaconda3/envs/tf_py310123/lib/python3.10/site-packages/pluggy/_callers.py\", line 139, in _multicall\n    teardown.throw(exception)\n  File \"/opt/anaconda3/envs/tf_py310123/lib/python3.10/site-packages/_pytest/helpconfig.py\", line 124, in pytest_cmdline_parse\n    config = yield\n  File \"/opt/anaconda3/envs/tf_py310123/lib/python3.10/site-packages/pluggy/_callers.py\", line 121, in _multicall\n    res = hook_impl.function(*args)\n  File \"/opt/anaconda3/envs/tf_py310123/lib/python3.10/site-packages/_pytest/config/__init__.py\", line 1186, in pytest_cmdline_parse\n    self.parse(args)\n  File \"/opt/anaconda3/envs/tf_py310123/lib/python3.10/site-packages/_pytest/config/__init__.py\", line 1556, in parse\n    self.hook.pytest_load_initial_conftests(\n  File \"/opt/anaconda3/envs/tf_py310123/lib/python3.10/site-packages/pluggy/_hooks.py\", line 512, in __call__\n    return self._hookexec(self.name, self._hookimpls.copy(), kwargs, firstresult)\n  File \"/opt/anaconda3/envs/tf_py310123/lib/python3.10/site-packages/pluggy/_manager.py\", line 120, in _hookexec\n    return self._inner_hookexec(hook_name, methods, kwargs, firstresult)\n  File \"/opt/anaconda3/envs/tf_py310123/lib/python3.10/site-packages/pluggy/_callers.py\", line 167, in _multicall\n    raise exception\n  File \"/opt/anaconda3/envs/tf_py310123/lib/python3.10/site-packages/pluggy/_callers.py\", line 139, in _multicall\n    teardown.throw(exception)\n  File \"/opt/anaconda3/envs/tf_py310123/lib/python3.10/site-packages/_pytest/warnings.py\", line 128, in pytest_load_initial_conftests\n    return (yield)\n  File \"/opt/anaconda3/envs/tf_py310123/lib/python3.10/site-packages/pluggy/_callers.py\", line 139, in _multicall\n    teardown.throw(exception)\n  File \"/opt/anaconda3/envs/tf_py310123/lib/python3.10/site-packages/_pytest/capture.py\", line 173, in pytest_load_initial_conftests\n    yield\n  File \"/opt/anaconda3/envs/tf_py310123/lib/python3.10/site-packages/pluggy/_callers.py\", line 121, in _multicall\n    res = hook_impl.function(*args)\n  File \"/opt/anaconda3/envs/tf_py310123/lib/python3.10/site-packages/_pytest/config/__init__.py\", line 1270, in pytest_load_initial_conftests\n    self.pluginmanager._set_initial_conftests(\n  File \"/opt/anaconda3/envs/tf_py310123/lib/python3.10/site-packages/_pytest/config/__init__.py\", line 602, in _set_initial_conftests\n    self._try_load_conftest(\n  File \"/opt/anaconda3/envs/tf_py310123/lib/python3.10/site-packages/_pytest/config/__init__.py\", line 640, in _try_load_conftest\n    self._loadconftestmodules(\n  File \"/opt/anaconda3/envs/tf_py310123/lib/python3.10/site-packages/_pytest/config/__init__.py\", line 680, in _loadconftestmodules\n    mod = self._importconftest(\n  File \"/opt/anaconda3/envs/tf_py310123/lib/python3.10/site-packages/_pytest/config/__init__.py\", line 756, in _importconftest\n    self.consider_conftest(mod, registration_name=conftestpath_plugin_name)\n  File \"/opt/anaconda3/envs/tf_py310123/lib/python3.10/site-packages/_pytest/config/__init__.py\", line 837, in consider_conftest\n    self.register(conftestmodule, name=registration_name)\n  File \"/opt/anaconda3/envs/tf_py310123/lib/python3.10/site-packages/_pytest/config/__init__.py\", line 533, in register\n    self.consider_module(plugin)\n  File \"/opt/anaconda3/envs/tf_py310123/lib/python3.10/site-packages/_pytest/config/__init__.py\", line 845, in consider_module\n    self._import_plugin_specs(getattr(mod, \"pytest_plugins\", []))\n  File \"/opt/anaconda3/envs/tf_py310123/lib/python3.10/site-packages/_pytest/config/__init__.py\", line 852, in _import_plugin_specs\n    self.import_plugin(import_spec)\n  File \"/opt/anaconda3/envs/tf_py310123/lib/python3.10/site-packages/_pytest/config/__init__.py\", line 881, in import_plugin\n    raise ImportError(\n  File \"/opt/anaconda3/envs/tf_py310123/lib/python3.10/site-packages/_pytest/config/__init__.py\", line 879, in import_plugin\n    __import__(importspec)\n  File \"/opt/anaconda3/envs/tf_py310123/lib/python3.10/site-packages/_pytest/assertion/rewrite.py\", line 197, in exec_module\n    exec(co, module.__dict__)\n  File \"/Users/vishweshpv/Coding/Python/QA_Unit_Test_Model/qa_llm_data/repos/zylon-ai__private-gpt/tests/fixtures/mock_injector.py\", line 6, in <module>\n    from injector import Provider, ScopeDecorator, singleton\nImportError: Error importing plugin \"tests.fixtures.mock_injector\": No module named 'injector'\n", "output": "{\"classification\": \"ImportError\", \"qa_label\": \"not_production_ready\", \"qa_decision\": \"BLOCK\"}"}
{"instruction": "You are a QA decision engine. Analyze pytest output and return a JSON decision.", "input": "\u001b[1m============================= test session starts ==============================\u001b[0m\nplatform darwin -- Python 3.10.19, pytest-9.0.2, pluggy-1.6.0\nrootdir: /Users/vishweshpv/Coding/Python/QA_Unit_Test_Model/qa_llm_data/repos/comfyanonymous__ComfyUI\nconfigfile: pytest.ini\nplugins: anyio-4.12.0, xdist-3.8.0, cov-7.0.0\ncollected 209 items / 7 errors\n\n==================================== ERRORS ====================================\n\u001b[31m\u001b[1m__________ ERROR collecting tests-unit/app_test/model_manager_test.py __________\u001b[0m\n\u001b[31mImportError while importing test module '/Users/vishweshpv/Coding/Python/QA_Unit_Test_Model/qa_llm_data/repos/comfyanonymous__ComfyUI/tests-unit/app_test/model_manager_test.py'.\nHint: make sure your test modules/packages have valid Python names.\nTraceback:\n\u001b[1m\u001b[31m/opt/anaconda3/envs/tf_py310123/lib/python3.10/importlib/__init__.py\u001b[0m:126: in import_module\n    \u001b[0m\u001b[94mreturn\u001b[39;49;00m _bootstrap._gcd_import(name[level:], package, level)\u001b[90m\u001b[39;49;00m\n\u001b[1m\u001b[31mqa_llm_data/repos/comfyanonymous__ComfyUI/tests-unit/app_test/model_manager_test.py\u001b[0m:9: in <module>\n    \u001b[0m\u001b[94mfrom\u001b[39;49;00m\u001b[90m \u001b[39;49;00m\u001b[04m\u001b[96mapp\u001b[39;49;00m\u001b[04m\u001b[96m.\u001b[39;49;00m\u001b[04m\u001b[96mmodel_manager\u001b[39;49;00m\u001b[90m \u001b[39;49;00m\u001b[94mimport\u001b[39;49;00m ModelFileManager\u001b[90m\u001b[39;49;00m\n\u001b[1m\u001b[31mqa_llm_data/repos/comfyanonymous__ComfyUI/app/model_manager.py\u001b[0m:10: in <module>\n    \u001b[0m\u001b[94mimport\u001b[39;49;00m\u001b[90m \u001b[39;49;00m\u001b[04m\u001b[96mcomfy\u001b[39;49;00m\u001b[04m\u001b[96m.\u001b[39;49;00m\u001b[04m\u001b[96mutils\u001b[39;49;00m\u001b[90m\u001b[39;49;00m\n\u001b[1m\u001b[31mqa_llm_data/repos/comfyanonymous__ComfyUI/comfy/utils.py\u001b[0m:30: in <module>\n    \u001b[0m\u001b[94mfrom\u001b[39;49;00m\u001b[90m \u001b[39;49;00m\u001b[04m\u001b[96meinops\u001b[39;49;00m\u001b[90m \u001b[39;49;00m\u001b[94mimport\u001b[39;49;00m rearrange\u001b[90m\u001b[39;49;00m\n\u001b[1m\u001b[31mE   ModuleNotFoundError: No module named 'einops'\u001b[0m\u001b[0m\n\u001b[31m\u001b[1m________ ERROR collecting tests-unit/comfy_api_test/input_impl_test.py _________\u001b[0m\n\u001b[31mImportError while importing test module '/Users/vishweshpv/Coding/Python/QA\n", "output": "{\"classification\": \"ImportError\", \"qa_label\": \"not_production_ready\", \"qa_decision\": \"BLOCK\"}"}
{"instruction": "You are a QA decision engine. Analyze pytest output and return a JSON decision.", "input": "\n\u001b[31mImportError while loading conftest '/Users/vishweshpv/Coding/Python/QA_Unit_Test_Model/qa_llm_data/repos/infiniflow__ragflow/sdk/python/test/conftest.py'.\u001b[0m\n\u001b[31m\u001b[1m\u001b[31mqa_llm_data/repos/infiniflow__ragflow/sdk/python/test/conftest.py\u001b[0m:25: in <module>\u001b[0m\n\u001b[31m    \u001b[0mpytest.exit(\u001b[33m\"\u001b[39;49;00m\u001b[33mError: Environment variable ZHIPU_AI_API_KEY must be set\u001b[39;49;00m\u001b[33m\"\u001b[39;49;00m)\u001b[90m\u001b[39;49;00m\u001b[0m\n\u001b[31m\u001b[1m\u001b[31mE   _pytest.outcomes.Exit: Error: Environment variable ZHIPU_AI_API_KEY must be set\u001b[0m\u001b[0m\n", "output": "{\"classification\": \"ImportError\", \"qa_label\": \"not_production_ready\", \"qa_decision\": \"BLOCK\"}"}
{"instruction": "You are a QA decision engine. Analyze pytest output and return a JSON decision.", "input": "\u001b[1m============================= test session starts ==============================\u001b[0m\nplatform darwin -- Python 3.10.19, pytest-9.0.2, pluggy-1.6.0\nrootdir: /Users/vishweshpv/Coding/Python/QA_Unit_Test_Model/qa_llm_data/repos/FoundationAgents__OpenManus\nplugins: anyio-4.12.0, xdist-3.8.0, cov-7.0.0\ncollected 0 items / 4 errors\n\n==================================== ERRORS ====================================\n\u001b[31m\u001b[1m________________ ERROR collecting tests/sandbox/test_client.py _________________\u001b[0m\n\u001b[31mImportError while importing test module '/Users/vishweshpv/Coding/Python/QA_Unit_Test_Model/qa_llm_data/repos/FoundationAgents__OpenManus/tests/sandbox/test_client.py'.\nHint: make sure your test modules/packages have valid Python names.\nTraceback:\n\u001b[1m\u001b[31m/opt/anaconda3/envs/tf_py310123/lib/python3.10/importlib/__init__.py\u001b[0m:126: in import_module\n    \u001b[0m\u001b[94mreturn\u001b[39;49;00m _bootstrap._gcd_import(name[level:], package, level)\u001b[90m\u001b[39;49;00m\n\u001b[1m\u001b[31mqa_llm_data/repos/FoundationAgents__OpenManus/tests/sandbox/test_client.py\u001b[0m:6: in <module>\n    \u001b[0m\u001b[94mimport\u001b[39;49;00m\u001b[90m \u001b[39;49;00m\u001b[04m\u001b[96mpytest_asyncio\u001b[39;49;00m\u001b[90m\u001b[39;49;00m\n\u001b[1m\u001b[31mE   ModuleNotFoundError: No module named 'pytest_asyncio'\u001b[0m\u001b[0m\n\u001b[31m\u001b[1m____________ ERROR collecting tests/sandbox/test_docker_terminal.py ____________\u001b[0m\n\u001b[31mImportError while importing test module '/Users/vishweshpv/Coding/Python/QA_Unit_Test_Model/qa_llm_data/repos/FoundationAgents__OpenManus/tests/sandbox/test_docker_terminal.py'.\nHint: make sure your test modules/packages have valid Python names.\nTraceback:\n\u001b[1m\u001b[31m/opt/anaconda3/envs/tf_py310123/lib/python3.10/importlib/__init__.py\u001b[0m:126: in import_module\n    \u001b[0m\u001b[94mreturn\u001b[39;49;00m _bootstrap._gcd_import(name[level:], package, level)\u001b[90m\u001b[39;49;00m\n\u001b[1m\u001b[31mqa_llm_data/repos/FoundationAgents__OpenManus/tests/sandbox/test_docker_terminal.py\u001b[0m:3: in <module>\n    \u001b[0m\u001b[94mimport\u001b[39;49;00m\u001b[90m \u001b[39;49;00m\u001b[04m\u001b[96mdocker\u001b[39;49;00m\u001b[90m\u001b[39;49\n", "output": "{\"classification\": \"ImportError\", \"qa_label\": \"not_production_ready\", \"qa_decision\": \"BLOCK\"}"}
{"instruction": "You are a QA decision engine. Analyze pytest output and return a JSON decision.", "input": "\n\u001b[31mImportError while loading conftest '/Users/vishweshpv/Coding/Python/QA_Unit_Test_Model/qa_llm_data/repos/vllm-project__vllm/tests/conftest.py'.\u001b[0m\n\u001b[31m\u001b[1m\u001b[31mqa_llm_data/repos/vllm-project__vllm/tests/conftest.py\u001b[0m:7: in <module>\u001b[0m\n\u001b[31m    \u001b[0m\u001b[94mfrom\u001b[39;49;00m\u001b[90m \u001b[39;49;00m\u001b[04m\u001b[96mtblib\u001b[39;49;00m\u001b[90m \u001b[39;49;00m\u001b[94mimport\u001b[39;49;00m pickling_support\u001b[90m\u001b[39;49;00m\u001b[0m\n\u001b[31m\u001b[1m\u001b[31mE   ModuleNotFoundError: No module named 'tblib'\u001b[0m\u001b[0m\n", "output": "{\"classification\": \"ImportError\", \"qa_label\": \"not_production_ready\", \"qa_decision\": \"BLOCK\"}"}
{"instruction": "You are a QA decision engine. Analyze pytest output and return a JSON decision.", "input": "\u001b[1m============================= test session starts ==============================\u001b[0m\nplatform darwin -- Python 3.10.19, pytest-9.0.2, pluggy-1.6.0\nrootdir: /Users/vishweshpv/Coding/Python/QA_Unit_Test_Model/qa_llm_data/repos/OpenHands__OpenHands\nconfigfile: pytest.ini\nplugins: anyio-4.12.0, xdist-3.8.0, cov-7.0.0\ncollected 0 items / 3 errors\n\n==================================== ERRORS ====================================\n\u001b[31m\u001b[1m__ ERROR collecting tests/unit/core/message/test_image_content_validation.py ___\u001b[0m\n\u001b[31mImportError while importing test module '/Users/vishweshpv/Coding/Python/QA_Unit_Test_Model/qa_llm_data/repos/OpenHands__OpenHands/tests/unit/core/message/test_image_content_validation.py'.\nHint: make sure your test modules/packages have valid Python names.\nTraceback:\n\u001b[1m\u001b[31m/opt/anaconda3/envs/tf_py310123/lib/python3.10/importlib/__init__.py\u001b[0m:126: in import_module\n    \u001b[0m\u001b[94mreturn\u001b[39;49;00m _bootstrap._gcd_import(name[level:], package, level)\u001b[90m\u001b[39;49;00m\n\u001b[1m\u001b[31mqa_llm_data/repos/OpenHands__OpenHands/tests/unit/core/message/test_image_content_validation.py\u001b[0m:8: in <module>\n    \u001b[0m\u001b[94mfrom\u001b[39;49;00m\u001b[90m \u001b[39;49;00m\u001b[04m\u001b[96mopenhands\u001b[39;49;00m\u001b[04m\u001b[96m.\u001b[39;49;00m\u001b[04m\u001b[96mcore\u001b[39;49;00m\u001b[04m\u001b[96m.\u001b[39;49;00m\u001b[04m\u001b[96mmessage\u001b[39;49;00m\u001b[90m \u001b[39;49;00m\u001b[94mimport\u001b[39;49;00m ImageContent\u001b[90m\u001b[39;49;00m\n\u001b[1m\u001b[31mE   ModuleNotFoundError: No module named 'openhands'\u001b[0m\u001b[0m\n\u001b[31m\u001b[1m____ ERROR collecting tests/unit/core/message/test_message_serialization.py ____\u001b[0m\n\u001b[31mImportError while importing test module '/Users/vishweshpv/Coding/Python/QA_Unit_Test_Model/qa_llm_data/repos/OpenHands__OpenHands/tests/unit/core/message/test_message_serialization.py'.\nHint: make sure your test modules/packages have valid Python names.\nTraceback:\n\u001b[1m\u001b[31m/opt/anaconda3/envs/tf_py310123/lib/python3.10/importlib/__init__.py\u001b[0m:126: in import_module\n    \u001b[0m\u001b[94mreturn\u001b[39;49;00m _bootstrap._gcd_import(name[level:], package, level)\u001b[90m\u001b[39;4\n", "output": "{\"classification\": \"ImportError\", \"qa_label\": \"not_production_ready\", \"qa_decision\": \"BLOCK\"}"}
{"instruction": "You are a QA decision engine. Analyze pytest output and return a JSON decision.", "input": "\n\u001b[31mImportError while loading conftest '/Users/vishweshpv/Coding/Python/QA_Unit_Test_Model/qa_llm_data/repos/FoundationAgents__MetaGPT/tests/conftest.py'.\u001b[0m\n\u001b[31m\u001b[1m\u001b[31mqa_llm_data/repos/FoundationAgents__MetaGPT/tests/conftest.py\u001b[0m:20: in <module>\u001b[0m\n\u001b[31m    \u001b[0m\u001b[94mfrom\u001b[39;49;00m\u001b[90m \u001b[39;49;00m\u001b[04m\u001b[96mmetagpt\u001b[39;49;00m\u001b[04m\u001b[96m.\u001b[39;49;00m\u001b[04m\u001b[96mconst\u001b[39;49;00m\u001b[90m \u001b[39;49;00m\u001b[94mimport\u001b[39;49;00m DEFAULT_WORKSPACE_ROOT, TEST_DATA_PATH\u001b[90m\u001b[39;49;00m\u001b[0m\n\u001b[31m\u001b[1m\u001b[31mqa_llm_data/repos/FoundationAgents__MetaGPT/metagpt/const.py\u001b[0m:7: in <module>\u001b[0m\n\u001b[31m    \u001b[0m\u001b[94mfrom\u001b[39;49;00m\u001b[90m \u001b[39;49;00m\u001b[04m\u001b[96mloguru\u001b[39;49;00m\u001b[90m \u001b[39;49;00m\u001b[94mimport\u001b[39;49;00m logger\u001b[90m\u001b[39;49;00m\u001b[0m\n\u001b[31m\u001b[1m\u001b[31mE   ModuleNotFoundError: No module named 'loguru'\u001b[0m\u001b[0m\n", "output": "{\"classification\": \"ImportError\", \"qa_label\": \"not_production_ready\", \"qa_decision\": \"BLOCK\"}"}
{"instruction": "You are a QA decision engine. Analyze pytest output and return a JSON decision.", "input": "\u001b[1m============================= test session starts ==============================\u001b[0m\nplatform darwin -- Python 3.10.19, pytest-9.0.2, pluggy-1.6.0\nrootdir: /Users/vishweshpv/Coding/Python/QA_Unit_Test_Model/qa_llm_data/repos/unclecode__crawl4ai\nconfigfile: pyproject.toml\nplugins: anyio-4.12.0, xdist-3.8.0, cov-7.0.0\ncollected 0 items / 5 errors\n\n==================================== ERRORS ====================================\n\u001b[31m\u001b[1m____________ ERROR collecting tests/memory/test_crawler_monitor.py _____________\u001b[0m\n\u001b[31mImportError while importing test module '/Users/vishweshpv/Coding/Python/QA_Unit_Test_Model/qa_llm_data/repos/unclecode__crawl4ai/tests/memory/test_crawler_monitor.py'.\nHint: make sure your test modules/packages have valid Python names.\nTraceback:\n\u001b[1m\u001b[31m/opt/anaconda3/envs/tf_py310123/lib/python3.10/importlib/__init__.py\u001b[0m:126: in import_module\n    \u001b[0m\u001b[94mreturn\u001b[39;49;00m _bootstrap._gcd_import(name[level:], package, level)\u001b[90m\u001b[39;49;00m\n\u001b[1m\u001b[31mqa_llm_data/repos/unclecode__crawl4ai/tests/memory/test_crawler_monitor.py\u001b[0m:16: in <module>\n    \u001b[0m\u001b[94mfrom\u001b[39;49;00m\u001b[90m \u001b[39;49;00m\u001b[04m\u001b[96mcrawl4ai\u001b[39;49;00m\u001b[04m\u001b[96m.\u001b[39;49;00m\u001b[04m\u001b[96mcomponents\u001b[39;49;00m\u001b[04m\u001b[96m.\u001b[39;49;00m\u001b[04m\u001b[96mcrawler_monitor\u001b[39;49;00m\u001b[90m \u001b[39;49;00m\u001b[94mimport\u001b[39;49;00m CrawlerMonitor\u001b[90m\u001b[39;49;00m\n\u001b[1m\u001b[31mqa_llm_data/repos/unclecode__crawl4ai/crawl4ai/__init__.py\u001b[0m:4: in <module>\n    \u001b[0m\u001b[94mfrom\u001b[39;49;00m\u001b[90m \u001b[39;49;00m\u001b[04m\u001b[96m.\u001b[39;49;00m\u001b[04m\u001b[96masync_webcrawler\u001b[39;49;00m\u001b[90m \u001b[39;49;00m\u001b[94mimport\u001b[39;49;00m AsyncWebCrawler, CacheMode\u001b[90m\u001b[39;49;00m\n\u001b[1m\u001b[31mqa_llm_data/repos/unclecode__crawl4ai/crawl4ai/async_webcrawler.py\u001b[0m:12: in <module>\n    \u001b[0m\u001b[94mfrom\u001b[39;49;00m\u001b[90m \u001b[39;49;00m\u001b[04m\u001b[96m.\u001b[39;49;00m\u001b[04m\u001b[96mmodels\u001b[39;49;00m\u001b[90m \u001b[39;49;00m\u001b[94mimport\u001b[39;49;00m (\u001b[90m\u001b[39;49;00m\n\u001b[1m\u001b[31mqa_llm_data/repos/unclecode__crawl4ai/crawl4ai/models.py\u001b[0m:7: in <module>\n    \u001b[0m\u001b[94mfrom\u001b[39;49;00m\u001b[90m \u001b[39;49;00m\u001b[04\n", "output": "{\"classification\": \"ImportError\", \"qa_label\": \"not_production_ready\", \"qa_decision\": \"BLOCK\"}"}
{"instruction": "You are a QA decision engine. Analyze pytest output and return a JSON decision.", "input": "\n\u001b[31mImportError while loading conftest '/Users/vishweshpv/Coding/Python/QA_Unit_Test_Model/qa_llm_data/repos/vllm-project__vllm/tests/conftest.py'.\u001b[0m\n\u001b[31m\u001b[1m\u001b[31mqa_llm_data/repos/vllm-project__vllm/tests/conftest.py\u001b[0m:7: in <module>\u001b[0m\n\u001b[31m    \u001b[0m\u001b[94mfrom\u001b[39;49;00m\u001b[90m \u001b[39;49;00m\u001b[04m\u001b[96mtblib\u001b[39;49;00m\u001b[90m \u001b[39;49;00m\u001b[94mimport\u001b[39;49;00m pickling_support\u001b[90m\u001b[39;49;00m\u001b[0m\n\u001b[31m\u001b[1m\u001b[31mE   ModuleNotFoundError: No module named 'tblib'\u001b[0m\u001b[0m\n", "output": "{\"classification\": \"ImportError\", \"qa_label\": \"not_production_ready\", \"qa_decision\": \"BLOCK\"}"}
{"instruction": "You are a QA decision engine. Analyze pytest output and return a JSON decision.", "input": "\u001b[1m============================= test session starts ==============================\u001b[0m\nplatform darwin -- Python 3.10.19, pytest-9.0.2, pluggy-1.6.0\nrootdir: /Users/vishweshpv/Coding/Python/QA_Unit_Test_Model\nplugins: anyio-4.12.0, xdist-3.8.0, cov-7.0.0\ncollected 0 items\n\u001b[31m\u001b[1m\nWARNING: Failed to generate report: No data to report.\n\n\u001b[0m\n================================ tests coverage ================================\n______________ coverage: platform darwin, python 3.10.19-final-0 _______________\n\n\u001b[33m============================ \u001b[33mno tests ran\u001b[0m\u001b[33m in 0.02s\u001b[0m\u001b[33m =============================\u001b[0m\n\n/opt/anaconda3/envs/tf_py310123/lib/python3.10/site-packages/coverage/inorout.py:521: CoverageWarning: Module .  \"-n\", \"auto\" was never imported. (module-not-imported); see https://coverage.readthedocs.io/en/7.13.0/messages.html#warning-module-not-imported\n  self.warn(f\"Module {pkg} was never imported.\", slug=\"module-not-imported\")\n/opt/anaconda3/envs/tf_py310123/lib/python3.10/site-packages/coverage/control.py:957: CoverageWarning: No data was collected. (no-data-collected); see https://coverage.readthedocs.io/en/7.13.0/messages.html#warning-no-data-collected\n  self._warn(\"No data was collected.\", slug=\"no-data-collected\")\n/opt/anaconda3/envs/tf_py310123/lib/python3.10/site-packages/pytest_cov/plugin.py:363: CovReportWarning: Failed to generate report: No data to report.\n\n  warnings.warn(CovReportWarning(message), stacklevel=1)\n", "output": "{\"classification\": \"configError\", \"qa_label\": \"environment_sensitive\", \"qa_decision\": \"BLOCK\"}"}
{"instruction": "You are a QA decision engine. Analyze pytest output and return a JSON decision.", "input": "\u001b[1m============================= test session starts ==============================\u001b[0m\nplatform darwin -- Python 3.10.19, pytest-9.0.2, pluggy-1.6.0\nrootdir: /Users/vishweshpv/Coding/Python/QA_Unit_Test_Model/qa_llm_data/repos/unslothai__unsloth\nconfigfile: pyproject.toml\nplugins: anyio-4.12.0, xdist-3.8.0, cov-7.0.0\ncollected 0 items / 3 errors\n\n==================================== ERRORS ====================================\n\u001b[31m\u001b[1m_______ ERROR collecting unsloth/kernels/moe/tests/test_grouped_gemm.py ________\u001b[0m\n\u001b[31mImportError while importing test module '/Users/vishweshpv/Coding/Python/QA_Unit_Test_Model/qa_llm_data/repos/unslothai__unsloth/unsloth/kernels/moe/tests/test_grouped_gemm.py'.\nHint: make sure your test modules/packages have valid Python names.\nTraceback:\n\u001b[1m\u001b[31mqa_llm_data/repos/unslothai__unsloth/unsloth/__init__.py\u001b[0m:78: in <module>\n    \u001b[0munsloth_zoo_version = importlib_version(\u001b[33m\"\u001b[39;49;00m\u001b[33munsloth_zoo\u001b[39;49;00m\u001b[33m\"\u001b[39;49;00m)\u001b[90m\u001b[39;49;00m\n\u001b[1m\u001b[31m/opt/anaconda3/envs/tf_py310123/lib/python3.10/importlib/metadata/__init__.py\u001b[0m:996: in version\n    \u001b[0m\u001b[94mreturn\u001b[39;49;00m distribution(distribution_name).version\u001b[90m\u001b[39;49;00m\n\u001b[1m\u001b[31m/opt/anaconda3/envs/tf_py310123/lib/python3.10/importlib/metadata/__init__.py\u001b[0m:969: in distribution\n    \u001b[0m\u001b[94mreturn\u001b[39;49;00m Distribution.from_name(distribution_name)\u001b[90m\u001b[39;49;00m\n\u001b[1m\u001b[31m/opt/anaconda3/envs/tf_py310123/lib/python3.10/importlib/metadata/__init__.py\u001b[0m:548: in from_name\n    \u001b[0m\u001b[94mraise\u001b[39;49;00m PackageNotFoundError(name)\u001b[90m\u001b[39;49;00m\n\u001b[1m\u001b[31mE   importlib.metadata.PackageNotFoundError: No package metadata was found for unsloth_zoo\u001b[0m\n\n\u001b[33mDuring handling of the above exception, another exception occurred:\u001b[0m\n\u001b[1m\u001b[31m/opt/anaconda3/envs/tf_py310123/lib/python3.10/importlib/__init__.py\u001b[0m:126: in import_module\n    \u001b[0m\u001b[94mreturn\u001b[39;49;00m _bootstrap._gcd_import(name[level:], package, level)\u001b[90m\u001b[39;49;00m\n\u001b[1m\u001b[31mqa_llm_data/repos/unslothai\n", "output": "{\"classification\": \"ImportError\", \"qa_label\": \"not_production_ready\", \"qa_decision\": \"BLOCK\"}"}
{"instruction": "You are a QA decision engine. Analyze pytest output and return a JSON decision.", "input": "\n\u001b[31mImportError while loading conftest '/Users/vishweshpv/Coding/Python/QA_Unit_Test_Model/qa_llm_data/repos/vllm-project__vllm/tests/conftest.py'.\u001b[0m\n\u001b[31m\u001b[1m\u001b[31mqa_llm_data/repos/vllm-project__vllm/tests/conftest.py\u001b[0m:7: in <module>\u001b[0m\n\u001b[31m    \u001b[0m\u001b[94mfrom\u001b[39;49;00m\u001b[90m \u001b[39;49;00m\u001b[04m\u001b[96mtblib\u001b[39;49;00m\u001b[90m \u001b[39;49;00m\u001b[94mimport\u001b[39;49;00m pickling_support\u001b[90m\u001b[39;49;00m\u001b[0m\n\u001b[31m\u001b[1m\u001b[31mE   ModuleNotFoundError: No module named 'tblib'\u001b[0m\u001b[0m\n", "output": "{\"classification\": \"ImportError\", \"qa_label\": \"not_production_ready\", \"qa_decision\": \"BLOCK\"}"}
{"instruction": "You are a QA decision engine. Analyze pytest output and return a JSON decision.", "input": "\n\u001b[31mImportError while loading conftest '/Users/vishweshpv/Coding/Python/QA_Unit_Test_Model/qa_llm_data/repos/vllm-project__vllm/tests/conftest.py'.\u001b[0m\n\u001b[31m\u001b[1m\u001b[31mqa_llm_data/repos/vllm-project__vllm/tests/conftest.py\u001b[0m:7: in <module>\u001b[0m\n\u001b[31m    \u001b[0m\u001b[94mfrom\u001b[39;49;00m\u001b[90m \u001b[39;49;00m\u001b[04m\u001b[96mtblib\u001b[39;49;00m\u001b[90m \u001b[39;49;00m\u001b[94mimport\u001b[39;49;00m pickling_support\u001b[90m\u001b[39;49;00m\u001b[0m\n\u001b[31m\u001b[1m\u001b[31mE   ModuleNotFoundError: No module named 'tblib'\u001b[0m\u001b[0m\n", "output": "{\"classification\": \"ImportError\", \"qa_label\": \"not_production_ready\", \"qa_decision\": \"BLOCK\"}"}
{"instruction": "You are a QA decision engine. Analyze pytest output and return a JSON decision.", "input": "\n\u001b[31mImportError while loading conftest '/Users/vishweshpv/Coding/Python/QA_Unit_Test_Model/qa_llm_data/repos/vllm-project__vllm/tests/conftest.py'.\u001b[0m\n\u001b[31m\u001b[1m\u001b[31mqa_llm_data/repos/vllm-project__vllm/tests/conftest.py\u001b[0m:7: in <module>\u001b[0m\n\u001b[31m    \u001b[0m\u001b[94mfrom\u001b[39;49;00m\u001b[90m \u001b[39;49;00m\u001b[04m\u001b[96mtblib\u001b[39;49;00m\u001b[90m \u001b[39;49;00m\u001b[94mimport\u001b[39;49;00m pickling_support\u001b[90m\u001b[39;49;00m\u001b[0m\n\u001b[31m\u001b[1m\u001b[31mE   ModuleNotFoundError: No module named 'tblib'\u001b[0m\u001b[0m\n", "output": "{\"classification\": \"ImportError\", \"qa_label\": \"not_production_ready\", \"qa_decision\": \"BLOCK\"}"}
{"instruction": "You are a QA decision engine. Analyze pytest output and return a JSON decision.", "input": "\n\u001b[31mImportError while loading conftest '/Users/vishweshpv/Coding/Python/QA_Unit_Test_Model/qa_llm_data/repos/infiniflow__ragflow/test/testcases/conftest.py'.\u001b[0m\n\u001b[31m\u001b[1m\u001b[31mqa_llm_data/repos/infiniflow__ragflow/test/testcases/conftest.py\u001b[0m:19: in <module>\u001b[0m\n\u001b[31m    \u001b[0m\u001b[94mfrom\u001b[39;49;00m\u001b[90m \u001b[39;49;00m\u001b[04m\u001b[96mconfigs\u001b[39;49;00m\u001b[90m \u001b[39;49;00m\u001b[94mimport\u001b[39;49;00m EMAIL, HOST_ADDRESS, PASSWORD, VERSION, ZHIPU_AI_API_KEY\u001b[90m\u001b[39;49;00m\u001b[0m\n\u001b[31m\u001b[1m\u001b[31mqa_llm_data/repos/infiniflow__ragflow/test/testcases/configs.py\u001b[0m:24: in <module>\u001b[0m\n\u001b[31m    \u001b[0mpytest.exit(\u001b[33m\"\u001b[39;49;00m\u001b[33mError: Environment variable ZHIPU_AI_API_KEY must be set\u001b[39;49;00m\u001b[33m\"\u001b[39;49;00m)\u001b[90m\u001b[39;49;00m\u001b[0m\n\u001b[31m\u001b[1m\u001b[31mE   _pytest.outcomes.Exit: Error: Environment variable ZHIPU_AI_API_KEY must be set\u001b[0m\u001b[0m\n", "output": "{\"classification\": \"ImportError\", \"qa_label\": \"not_production_ready\", \"qa_decision\": \"BLOCK\"}"}
{"instruction": "You are a QA decision engine. Analyze pytest output and return a JSON decision.", "input": "\n\u001b[31mImportError while loading conftest '/Users/vishweshpv/Coding/Python/QA_Unit_Test_Model/qa_llm_data/repos/FoundationAgents__MetaGPT/tests/conftest.py'.\u001b[0m\n\u001b[31m\u001b[1m\u001b[31mqa_llm_data/repos/FoundationAgents__MetaGPT/tests/conftest.py\u001b[0m:20: in <module>\u001b[0m\n\u001b[31m    \u001b[0m\u001b[94mfrom\u001b[39;49;00m\u001b[90m \u001b[39;49;00m\u001b[04m\u001b[96mmetagpt\u001b[39;49;00m\u001b[04m\u001b[96m.\u001b[39;49;00m\u001b[04m\u001b[96mconst\u001b[39;49;00m\u001b[90m \u001b[39;49;00m\u001b[94mimport\u001b[39;49;00m DEFAULT_WORKSPACE_ROOT, TEST_DATA_PATH\u001b[90m\u001b[39;49;00m\u001b[0m\n\u001b[31m\u001b[1m\u001b[31mqa_llm_data/repos/FoundationAgents__MetaGPT/metagpt/const.py\u001b[0m:7: in <module>\u001b[0m\n\u001b[31m    \u001b[0m\u001b[94mfrom\u001b[39;49;00m\u001b[90m \u001b[39;49;00m\u001b[04m\u001b[96mloguru\u001b[39;49;00m\u001b[90m \u001b[39;49;00m\u001b[94mimport\u001b[39;49;00m logger\u001b[90m\u001b[39;49;00m\u001b[0m\n\u001b[31m\u001b[1m\u001b[31mE   ModuleNotFoundError: No module named 'loguru'\u001b[0m\u001b[0m\n", "output": "{\"classification\": \"ImportError\", \"qa_label\": \"not_production_ready\", \"qa_decision\": \"BLOCK\"}"}
{"instruction": "You are a QA decision engine. Analyze pytest output and return a JSON decision.", "input": "\u001b[1m============================= test session starts ==============================\u001b[0m\nplatform darwin -- Python 3.10.19, pytest-9.0.2, pluggy-1.6.0\nrootdir: /Users/vishweshpv/Coding/Python/QA_Unit_Test_Model/qa_llm_data/repos/unclecode__crawl4ai\nconfigfile: pyproject.toml\nplugins: anyio-4.12.0, xdist-3.8.0, cov-7.0.0\ncollected 0 items / 1 error\n\n==================================== ERRORS ====================================\n\u001b[31m\u001b[1m________________ ERROR collecting tests/loggers/test_logger.py _________________\u001b[0m\n\u001b[31mImportError while importing test module '/Users/vishweshpv/Coding/Python/QA_Unit_Test_Model/qa_llm_data/repos/unclecode__crawl4ai/tests/loggers/test_logger.py'.\nHint: make sure your test modules/packages have valid Python names.\nTraceback:\n\u001b[1m\u001b[31m/opt/anaconda3/envs/tf_py310123/lib/python3.10/importlib/__init__.py\u001b[0m:126: in import_module\n    \u001b[0m\u001b[94mreturn\u001b[39;49;00m _bootstrap._gcd_import(name[level:], package, level)\u001b[90m\u001b[39;49;00m\n\u001b[1m\u001b[31mqa_llm_data/repos/unclecode__crawl4ai/tests/loggers/test_logger.py\u001b[0m:2: in <module>\n    \u001b[0m\u001b[94mfrom\u001b[39;49;00m\u001b[90m \u001b[39;49;00m\u001b[04m\u001b[96mcrawl4ai\u001b[39;49;00m\u001b[90m \u001b[39;49;00m\u001b[94mimport\u001b[39;49;00m AsyncWebCrawler, BrowserConfig, CrawlerRunConfig, CacheMode, AsyncLoggerBase\u001b[90m\u001b[39;49;00m\n\u001b[1m\u001b[31mE   ModuleNotFoundError: No module named 'crawl4ai'\u001b[0m\u001b[0m\n\u001b[36m\u001b[1m=========================== short test summary info ============================\u001b[0m\n\u001b[31mERROR\u001b[0m qa_llm_data/repos/unclecode__crawl4ai/tests/loggers/test_logger.py\n!!!!!!!!!!!!!!!!!!!! Interrupted: 1 error during collection !!!!!!!!!!!!!!!!!!!!\n\u001b[31m=============================== \u001b[31m\u001b[1m1 error\u001b[0m\u001b[31m in 0.11s\u001b[0m\u001b[31m ===============================\u001b[0m\n\n", "output": "{\"classification\": \"ImportError\", \"qa_label\": \"not_production_ready\", \"qa_decision\": \"BLOCK\"}"}
{"instruction": "You are a QA decision engine. Analyze pytest output and return a JSON decision.", "input": "\n\u001b[31mImportError while loading conftest '/Users/vishweshpv/Coding/Python/QA_Unit_Test_Model/qa_llm_data/repos/vllm-project__vllm/tests/conftest.py'.\u001b[0m\n\u001b[31m\u001b[1m\u001b[31mqa_llm_data/repos/vllm-project__vllm/tests/conftest.py\u001b[0m:7: in <module>\u001b[0m\n\u001b[31m    \u001b[0m\u001b[94mfrom\u001b[39;49;00m\u001b[90m \u001b[39;49;00m\u001b[04m\u001b[96mtblib\u001b[39;49;00m\u001b[90m \u001b[39;49;00m\u001b[94mimport\u001b[39;49;00m pickling_support\u001b[90m\u001b[39;49;00m\u001b[0m\n\u001b[31m\u001b[1m\u001b[31mE   ModuleNotFoundError: No module named 'tblib'\u001b[0m\u001b[0m\n", "output": "{\"classification\": \"ImportError\", \"qa_label\": \"not_production_ready\", \"qa_decision\": \"BLOCK\"}"}
{"instruction": "You are a QA decision engine. Analyze pytest output and return a JSON decision.", "input": "\u001b[1m============================= test session starts ==============================\u001b[0m\nplatform darwin -- Python 3.10.19, pytest-9.0.2, pluggy-1.6.0\nrootdir: /Users/vishweshpv/Coding/Python/QA_Unit_Test_Model/qa_llm_data/repos/unclecode__crawl4ai\nconfigfile: pyproject.toml\nplugins: anyio-4.12.0, xdist-3.8.0, cov-7.0.0\ncollected 0 items / 2 errors\n\n==================================== ERRORS ====================================\n\u001b[31m\u001b[1m________________ ERROR collecting tests/mcp/test_mcp_socket.py _________________\u001b[0m\n\u001b[31mImportError while importing test module '/Users/vishweshpv/Coding/Python/QA_Unit_Test_Model/qa_llm_data/repos/unclecode__crawl4ai/tests/mcp/test_mcp_socket.py'.\nHint: make sure your test modules/packages have valid Python names.\nTraceback:\n\u001b[1m\u001b[31m/opt/anaconda3/envs/tf_py310123/lib/python3.10/importlib/__init__.py\u001b[0m:126: in import_module\n    \u001b[0m\u001b[94mreturn\u001b[39;49;00m _bootstrap._gcd_import(name[level:], package, level)\u001b[90m\u001b[39;49;00m\n\u001b[1m\u001b[31mqa_llm_data/repos/unclecode__crawl4ai/tests/mcp/test_mcp_socket.py\u001b[0m:3: in <module>\n    \u001b[0m\u001b[94mfrom\u001b[39;49;00m\u001b[90m \u001b[39;49;00m\u001b[04m\u001b[96mmcp\u001b[39;49;00m\u001b[04m\u001b[96m.\u001b[39;49;00m\u001b[04m\u001b[96mclient\u001b[39;49;00m\u001b[04m\u001b[96m.\u001b[39;49;00m\u001b[04m\u001b[96mwebsocket\u001b[39;49;00m\u001b[90m \u001b[39;49;00m\u001b[94mimport\u001b[39;49;00m websocket_client\u001b[90m\u001b[39;49;00m\n\u001b[1m\u001b[31mE   ModuleNotFoundError: No module named 'mcp'\u001b[0m\u001b[0m\n\u001b[31m\u001b[1m__________________ ERROR collecting tests/mcp/test_mcp_sse.py __________________\u001b[0m\n\u001b[31mImportError while importing test module '/Users/vishweshpv/Coding/Python/QA_Unit_Test_Model/qa_llm_data/repos/unclecode__crawl4ai/tests/mcp/test_mcp_sse.py'.\nHint: make sure your test modules/packages have valid Python names.\nTraceback:\n\u001b[1m\u001b[31m/opt/anaconda3/envs/tf_py310123/lib/python3.10/importlib/__init__.py\u001b[0m:126: in import_module\n    \u001b[0m\u001b[94mreturn\u001b[39;49;00m _bootstrap._gcd_import(name[level:], package, level)\u001b[90m\u001b[39;49;00m\n\u001b[1m\u001b[31mqa_llm_data/repos/unclecode__crawl4ai/tests/mcp/test_mcp_sse.py\u001b[0m:1: in\n", "output": "{\"classification\": \"ImportError\", \"qa_label\": \"not_production_ready\", \"qa_decision\": \"BLOCK\"}"}
{"instruction": "You are a QA decision engine. Analyze pytest output and return a JSON decision.", "input": "\n\u001b[31mImportError while loading conftest '/Users/vishweshpv/Coding/Python/QA_Unit_Test_Model/qa_llm_data/repos/infiniflow__ragflow/test/testcases/conftest.py'.\u001b[0m\n\u001b[31m\u001b[1m\u001b[31mqa_llm_data/repos/infiniflow__ragflow/test/testcases/conftest.py\u001b[0m:19: in <module>\u001b[0m\n\u001b[31m    \u001b[0m\u001b[94mfrom\u001b[39;49;00m\u001b[90m \u001b[39;49;00m\u001b[04m\u001b[96mconfigs\u001b[39;49;00m\u001b[90m \u001b[39;49;00m\u001b[94mimport\u001b[39;49;00m EMAIL, HOST_ADDRESS, PASSWORD, VERSION, ZHIPU_AI_API_KEY\u001b[90m\u001b[39;49;00m\u001b[0m\n\u001b[31m\u001b[1m\u001b[31mqa_llm_data/repos/infiniflow__ragflow/test/testcases/configs.py\u001b[0m:24: in <module>\u001b[0m\n\u001b[31m    \u001b[0mpytest.exit(\u001b[33m\"\u001b[39;49;00m\u001b[33mError: Environment variable ZHIPU_AI_API_KEY must be set\u001b[39;49;00m\u001b[33m\"\u001b[39;49;00m)\u001b[90m\u001b[39;49;00m\u001b[0m\n\u001b[31m\u001b[1m\u001b[31mE   _pytest.outcomes.Exit: Error: Environment variable ZHIPU_AI_API_KEY must be set\u001b[0m\u001b[0m\n", "output": "{\"classification\": \"ImportError\", \"qa_label\": \"not_production_ready\", \"qa_decision\": \"BLOCK\"}"}
{"instruction": "You are a QA decision engine. Analyze pytest output and return a JSON decision.", "input": "\n\u001b[31mImportError while loading conftest '/Users/vishweshpv/Coding/Python/QA_Unit_Test_Model/qa_llm_data/repos/vllm-project__vllm/tests/conftest.py'.\u001b[0m\n\u001b[31m\u001b[1m\u001b[31mqa_llm_data/repos/vllm-project__vllm/tests/conftest.py\u001b[0m:7: in <module>\u001b[0m\n\u001b[31m    \u001b[0m\u001b[94mfrom\u001b[39;49;00m\u001b[90m \u001b[39;49;00m\u001b[04m\u001b[96mtblib\u001b[39;49;00m\u001b[90m \u001b[39;49;00m\u001b[94mimport\u001b[39;49;00m pickling_support\u001b[90m\u001b[39;49;00m\u001b[0m\n\u001b[31m\u001b[1m\u001b[31mE   ModuleNotFoundError: No module named 'tblib'\u001b[0m\u001b[0m\n", "output": "{\"classification\": \"ImportError\", \"qa_label\": \"not_production_ready\", \"qa_decision\": \"BLOCK\"}"}
{"instruction": "You are a QA decision engine. Analyze pytest output and return a JSON decision.", "input": "\n\u001b[31mImportError while loading conftest '/Users/vishweshpv/Coding/Python/QA_Unit_Test_Model/qa_llm_data/repos/vllm-project__vllm/tests/conftest.py'.\u001b[0m\n\u001b[31m\u001b[1m\u001b[31mqa_llm_data/repos/vllm-project__vllm/tests/conftest.py\u001b[0m:7: in <module>\u001b[0m\n\u001b[31m    \u001b[0m\u001b[94mfrom\u001b[39;49;00m\u001b[90m \u001b[39;49;00m\u001b[04m\u001b[96mtblib\u001b[39;49;00m\u001b[90m \u001b[39;49;00m\u001b[94mimport\u001b[39;49;00m pickling_support\u001b[90m\u001b[39;49;00m\u001b[0m\n\u001b[31m\u001b[1m\u001b[31mE   ModuleNotFoundError: No module named 'tblib'\u001b[0m\u001b[0m\n", "output": "{\"classification\": \"ImportError\", \"qa_label\": \"not_production_ready\", \"qa_decision\": \"BLOCK\"}"}
{"instruction": "You are a QA decision engine. Analyze pytest output and return a JSON decision.", "input": "\u001b[1m============================= test session starts ==============================\u001b[0m\nplatform darwin -- Python 3.10.19, pytest-9.0.2, pluggy-1.6.0\nrootdir: /Users/vishweshpv/Coding/Python/QA_Unit_Test_Model/qa_llm_data/repos/pathwaycom__pathway\nconfigfile: pyproject.toml\nplugins: anyio-4.12.0, xdist-3.8.0, cov-7.0.0\ncollected 0 items / 1 error\n\n==================================== ERRORS ====================================\n\u001b[31m\u001b[1m_ ERROR collecting examples/projects/twitter/services/pathway-app/app/test_twitter.py _\u001b[0m\n\u001b[31mImportError while importing test module '/Users/vishweshpv/Coding/Python/QA_Unit_Test_Model/qa_llm_data/repos/pathwaycom__pathway/examples/projects/twitter/services/pathway-app/app/test_twitter.py'.\nHint: make sure your test modules/packages have valid Python names.\nTraceback:\n\u001b[1m\u001b[31m/opt/anaconda3/envs/tf_py310123/lib/python3.10/importlib/__init__.py\u001b[0m:126: in import_module\n    \u001b[0m\u001b[94mreturn\u001b[39;49;00m _bootstrap._gcd_import(name[level:], package, level)\u001b[90m\u001b[39;49;00m\n\u001b[1m\u001b[31mqa_llm_data/repos/pathwaycom__pathway/examples/projects/twitter/services/pathway-app/app/test_twitter.py\u001b[0m:10: in <module>\n    \u001b[0m\u001b[94mfrom\u001b[39;49;00m\u001b[90m \u001b[39;49;00m\u001b[04m\u001b[96mmain\u001b[39;49;00m\u001b[90m \u001b[39;49;00m\u001b[94mimport\u001b[39;49;00m process_tweets  \u001b[90m# noqa: E402\u001b[39;49;00m\u001b[90m\u001b[39;49;00m\n\u001b[1m\u001b[31mqa_llm_data/repos/pathwaycom__pathway/examples/projects/twitter/services/pathway-app/app/main.py\u001b[0m:12: in <module>\n    \u001b[0m\u001b[94mfrom\u001b[39;49;00m\u001b[90m \u001b[39;49;00m\u001b[04m\u001b[96mgeocoding\u001b[39;49;00m\u001b[90m \u001b[39;49;00m\u001b[94mimport\u001b[39;49;00m add_geolocation\u001b[90m\u001b[39;49;00m\n\u001b[1m\u001b[31mqa_llm_data/repos/pathwaycom__pathway/examples/projects/twitter/services/pathway-app/app/geocoding.py\u001b[0m:13: in <module>\n    \u001b[0m\u001b[94mfrom\u001b[39;49;00m\u001b[90m \u001b[39;49;00m\u001b[04m\u001b[96mschemas\u001b[39;49;00m\u001b[90m \u001b[39;49;00m\u001b[94mimport\u001b[39;49;00m TweetPairs\u001b[90m\u001b[39;49;00m\n\u001b[1m\u001b[31mqa_llm_data/repos/pathwaycom__pathway/examples/projects/twitter/services/pathway-app/app/schemas.py\u001b[0m:5: in <module>\n   \n", "output": "{\"classification\": \"ImportError\", \"qa_label\": \"not_production_ready\", \"qa_decision\": \"BLOCK\"}"}
{"instruction": "You are a QA decision engine. Analyze pytest output and return a JSON decision.", "input": "\n\u001b[31mImportError while loading conftest '/Users/vishweshpv/Coding/Python/QA_Unit_Test_Model/qa_llm_data/repos/vllm-project__vllm/tests/conftest.py'.\u001b[0m\n\u001b[31m\u001b[1m\u001b[31mqa_llm_data/repos/vllm-project__vllm/tests/conftest.py\u001b[0m:7: in <module>\u001b[0m\n\u001b[31m    \u001b[0m\u001b[94mfrom\u001b[39;49;00m\u001b[90m \u001b[39;49;00m\u001b[04m\u001b[96mtblib\u001b[39;49;00m\u001b[90m \u001b[39;49;00m\u001b[94mimport\u001b[39;49;00m pickling_support\u001b[90m\u001b[39;49;00m\u001b[0m\n\u001b[31m\u001b[1m\u001b[31mE   ModuleNotFoundError: No module named 'tblib'\u001b[0m\u001b[0m\n", "output": "{\"classification\": \"ImportError\", \"qa_label\": \"not_production_ready\", \"qa_decision\": \"BLOCK\"}"}
{"instruction": "You are a QA decision engine. Analyze pytest output and return a JSON decision.", "input": "\n\u001b[31mImportError while loading conftest '/Users/vishweshpv/Coding/Python/QA_Unit_Test_Model/qa_llm_data/repos/vllm-project__vllm/tests/conftest.py'.\u001b[0m\n\u001b[31m\u001b[1m\u001b[31mqa_llm_data/repos/vllm-project__vllm/tests/conftest.py\u001b[0m:7: in <module>\u001b[0m\n\u001b[31m    \u001b[0m\u001b[94mfrom\u001b[39;49;00m\u001b[90m \u001b[39;49;00m\u001b[04m\u001b[96mtblib\u001b[39;49;00m\u001b[90m \u001b[39;49;00m\u001b[94mimport\u001b[39;49;00m pickling_support\u001b[90m\u001b[39;49;00m\u001b[0m\n\u001b[31m\u001b[1m\u001b[31mE   ModuleNotFoundError: No module named 'tblib'\u001b[0m\u001b[0m\n", "output": "{\"classification\": \"ImportError\", \"qa_label\": \"not_production_ready\", \"qa_decision\": \"BLOCK\"}"}
{"instruction": "You are a QA decision engine. Analyze pytest output and return a JSON decision.", "input": "\u001b[1m============================= test session starts ==============================\u001b[0m\nplatform darwin -- Python 3.10.19, pytest-9.0.2, pluggy-1.6.0\nrootdir: /Users/vishweshpv/Coding/Python/QA_Unit_Test_Model/qa_llm_data/repos/PaddlePaddle__PaddleOCR\nconfigfile: pyproject.toml\nplugins: anyio-4.12.0, xdist-3.8.0, cov-7.0.0\ncollected 0 items / 25 errors\n\n==================================== ERRORS ====================================\n\u001b[31m\u001b[1m___ ERROR collecting tests/models/test_doc_img_orientation_classifcation.py ____\u001b[0m\n\u001b[31mImportError while importing test module '/Users/vishweshpv/Coding/Python/QA_Unit_Test_Model/qa_llm_data/repos/PaddlePaddle__PaddleOCR/tests/models/test_doc_img_orientation_classifcation.py'.\nHint: make sure your test modules/packages have valid Python names.\nTraceback:\n\u001b[1m\u001b[31m/opt/anaconda3/envs/tf_py310123/lib/python3.10/importlib/__init__.py\u001b[0m:126: in import_module\n    \u001b[0m\u001b[94mreturn\u001b[39;49;00m _bootstrap._gcd_import(name[level:], package, level)\u001b[90m\u001b[39;49;00m\n\u001b[1m\u001b[31mqa_llm_data/repos/PaddlePaddle__PaddleOCR/tests/models/test_doc_img_orientation_classifcation.py\u001b[0m:3: in <module>\n    \u001b[0m\u001b[94mfrom\u001b[39;49;00m\u001b[90m \u001b[39;49;00m\u001b[04m\u001b[96mpaddleocr\u001b[39;49;00m\u001b[90m \u001b[39;49;00m\u001b[94mimport\u001b[39;49;00m DocImgOrientationClassification\u001b[90m\u001b[39;49;00m\n\u001b[1m\u001b[31mqa_llm_data/repos/PaddlePaddle__PaddleOCR/paddleocr/__init__.py\u001b[0m:15: in <module>\n    \u001b[0m\u001b[94mfrom\u001b[39;49;00m\u001b[90m \u001b[39;49;00m\u001b[04m\u001b[96mpaddlex\u001b[39;49;00m\u001b[04m\u001b[96m.\u001b[39;49;00m\u001b[04m\u001b[96minference\u001b[39;49;00m\u001b[04m\u001b[96m.\u001b[39;49;00m\u001b[04m\u001b[96mutils\u001b[39;49;00m\u001b[04m\u001b[96m.\u001b[39;49;00m\u001b[04m\u001b[96mbenchmark\u001b[39;49;00m\u001b[90m \u001b[39;49;00m\u001b[94mimport\u001b[39;49;00m benchmark\u001b[90m\u001b[39;49;00m\n\u001b[1m\u001b[31mE   ModuleNotFoundError: No module named 'paddlex'\u001b[0m\u001b[0m\n\u001b[31m\u001b[1m________________ ERROR collecting tests/models/test_doc_vlm.py _________________\u001b[0m\n\u001b[31mImportError while importing test module '/Users/vishweshpv/Coding/Python/QA_Unit_Test_Model/qa_llm_data/repos/PaddlePaddle__PaddleOCR/tests/models/tes\n", "output": "{\"classification\": \"ImportError\", \"qa_label\": \"not_production_ready\", \"qa_decision\": \"BLOCK\"}"}
{"instruction": "You are a QA decision engine. Analyze pytest output and return a JSON decision.", "input": "\n\u001b[31mImportError while loading conftest '/Users/vishweshpv/Coding/Python/QA_Unit_Test_Model/qa_llm_data/repos/browser-use__browser-use/tests/ci/conftest.py'.\u001b[0m\n\u001b[31m\u001b[1m\u001b[31mqa_llm_data/repos/browser-use__browser-use/tests/ci/conftest.py\u001b[0m:13: in <module>\u001b[0m\n\u001b[31m    \u001b[0m\u001b[94mfrom\u001b[39;49;00m\u001b[90m \u001b[39;49;00m\u001b[04m\u001b[96mdotenv\u001b[39;49;00m\u001b[90m \u001b[39;49;00m\u001b[94mimport\u001b[39;49;00m load_dotenv\u001b[90m\u001b[39;49;00m\u001b[0m\n\u001b[31m\u001b[1m\u001b[31mE   ModuleNotFoundError: No module named 'dotenv'\u001b[0m\u001b[0m\n", "output": "{\"classification\": \"ImportError\", \"qa_label\": \"not_production_ready\", \"qa_decision\": \"BLOCK\"}"}
{"instruction": "You are a QA decision engine. Analyze pytest output and return a JSON decision.", "input": "\n\u001b[31mImportError while loading conftest '/Users/vishweshpv/Coding/Python/QA_Unit_Test_Model/qa_llm_data/repos/hiyouga__LLaMA-Factory/tests/conftest.py'.\u001b[0m\n\u001b[31m\u001b[1m\u001b[31mqa_llm_data/repos/hiyouga__LLaMA-Factory/tests/conftest.py\u001b[0m:26: in <module>\u001b[0m\n\u001b[31m    \u001b[0m\u001b[94mfrom\u001b[39;49;00m\u001b[90m \u001b[39;49;00m\u001b[04m\u001b[96mllamafactory\u001b[39;49;00m\u001b[04m\u001b[96m.\u001b[39;49;00m\u001b[04m\u001b[96mextras\u001b[39;49;00m\u001b[04m\u001b[96m.\u001b[39;49;00m\u001b[04m\u001b[96mmisc\u001b[39;49;00m\u001b[90m \u001b[39;49;00m\u001b[94mimport\u001b[39;49;00m get_current_device, get_device_count, is_env_enabled\u001b[90m\u001b[39;49;00m\u001b[0m\n\u001b[31m\u001b[1m\u001b[31mE   ModuleNotFoundError: No module named 'llamafactory'\u001b[0m\u001b[0m\n", "output": "{\"classification\": \"ImportError\", \"qa_label\": \"not_production_ready\", \"qa_decision\": \"BLOCK\"}"}
{"instruction": "You are a QA decision engine. Analyze pytest output and return a JSON decision.", "input": "\n\u001b[31mImportError while loading conftest '/Users/vishweshpv/Coding/Python/QA_Unit_Test_Model/qa_llm_data/repos/vllm-project__vllm/tests/conftest.py'.\u001b[0m\n\u001b[31m\u001b[1m\u001b[31mqa_llm_data/repos/vllm-project__vllm/tests/conftest.py\u001b[0m:7: in <module>\u001b[0m\n\u001b[31m    \u001b[0m\u001b[94mfrom\u001b[39;49;00m\u001b[90m \u001b[39;49;00m\u001b[04m\u001b[96mtblib\u001b[39;49;00m\u001b[90m \u001b[39;49;00m\u001b[94mimport\u001b[39;49;00m pickling_support\u001b[90m\u001b[39;49;00m\u001b[0m\n\u001b[31m\u001b[1m\u001b[31mE   ModuleNotFoundError: No module named 'tblib'\u001b[0m\u001b[0m\n", "output": "{\"classification\": \"ImportError\", \"qa_label\": \"not_production_ready\", \"qa_decision\": \"BLOCK\"}"}
{"instruction": "You are a QA decision engine. Analyze pytest output and return a JSON decision.", "input": "\u001b[1m============================= test session starts ==============================\u001b[0m\nplatform darwin -- Python 3.10.19, pytest-9.0.2, pluggy-1.6.0\nrootdir: /Users/vishweshpv/Coding/Python/QA_Unit_Test_Model/qa_llm_data/repos/OpenHands__OpenHands\nconfigfile: pytest.ini\nplugins: anyio-4.12.0, xdist-3.8.0, cov-7.0.0\ncollected 5 items / 8 errors\n\n==================================== ERRORS ====================================\n\u001b[31m\u001b[1m____________ ERROR collecting tests/unit/utils/test_async_utils.py _____________\u001b[0m\n\u001b[31mImportError while importing test module '/Users/vishweshpv/Coding/Python/QA_Unit_Test_Model/qa_llm_data/repos/OpenHands__OpenHands/tests/unit/utils/test_async_utils.py'.\nHint: make sure your test modules/packages have valid Python names.\nTraceback:\n\u001b[1m\u001b[31m/opt/anaconda3/envs/tf_py310123/lib/python3.10/importlib/__init__.py\u001b[0m:126: in import_module\n    \u001b[0m\u001b[94mreturn\u001b[39;49;00m _bootstrap._gcd_import(name[level:], package, level)\u001b[90m\u001b[39;49;00m\n\u001b[1m\u001b[31mqa_llm_data/repos/OpenHands__OpenHands/tests/unit/utils/test_async_utils.py\u001b[0m:6: in <module>\n    \u001b[0m\u001b[94mfrom\u001b[39;49;00m\u001b[90m \u001b[39;49;00m\u001b[04m\u001b[96mopenhands\u001b[39;49;00m\u001b[04m\u001b[96m.\u001b[39;49;00m\u001b[04m\u001b[96mutils\u001b[39;49;00m\u001b[04m\u001b[96m.\u001b[39;49;00m\u001b[04m\u001b[96masync_utils\u001b[39;49;00m\u001b[90m \u001b[39;49;00m\u001b[94mimport\u001b[39;49;00m (\u001b[90m\u001b[39;49;00m\n\u001b[1m\u001b[31mE   ModuleNotFoundError: No module named 'openhands'\u001b[0m\u001b[0m\n\u001b[31m\u001b[1m________ ERROR collecting tests/unit/utils/test_auto_generate_title.py _________\u001b[0m\n\u001b[31mImportError while importing test module '/Users/vishweshpv/Coding/Python/QA_Unit_Test_Model/qa_llm_data/repos/OpenHands__OpenHands/tests/unit/utils/test_auto_generate_title.py'.\nHint: make sure your test modules/packages have valid Python names.\nTraceback:\n\u001b[1m\u001b[31m/opt/anaconda3/envs/tf_py310123/lib/python3.10/importlib/__init__.py\u001b[0m:126: in import_module\n    \u001b[0m\u001b[94mreturn\u001b[39;49;00m _bootstrap._gcd_import(name[level:], package, level)\u001b[90m\u001b[39;49;00m\n\u001b[1m\u001b[31mqa_llm_data/repos/OpenHands__OpenHands/t\n", "output": "{\"classification\": \"ImportError\", \"qa_label\": \"not_production_ready\", \"qa_decision\": \"BLOCK\"}"}
{"instruction": "You are a QA decision engine. Analyze pytest output and return a JSON decision.", "input": "\n\u001b[31mImportError while loading conftest '/Users/vishweshpv/Coding/Python/QA_Unit_Test_Model/qa_llm_data/repos/OpenHands__OpenHands/enterprise/tests/unit/conftest.py'.\u001b[0m\n\u001b[31m\u001b[1m\u001b[31mqa_llm_data/repos/OpenHands__OpenHands/enterprise/tests/unit/conftest.py\u001b[0m:4: in <module>\u001b[0m\n\u001b[31m    \u001b[0m\u001b[94mfrom\u001b[39;49;00m\u001b[90m \u001b[39;49;00m\u001b[04m\u001b[96mserver\u001b[39;49;00m\u001b[04m\u001b[96m.\u001b[39;49;00m\u001b[04m\u001b[96mconstants\u001b[39;49;00m\u001b[90m \u001b[39;49;00m\u001b[94mimport\u001b[39;49;00m CURRENT_USER_SETTINGS_VERSION\u001b[90m\u001b[39;49;00m\u001b[0m\n\u001b[31m\u001b[1m\u001b[31mE   ModuleNotFoundError: No module named 'server'\u001b[0m\u001b[0m\n", "output": "{\"classification\": \"ImportError\", \"qa_label\": \"not_production_ready\", \"qa_decision\": \"BLOCK\"}"}
{"instruction": "You are a QA decision engine. Analyze pytest output and return a JSON decision.", "input": "\n\u001b[31mImportError while loading conftest '/Users/vishweshpv/Coding/Python/QA_Unit_Test_Model/qa_llm_data/repos/browser-use__browser-use/tests/ci/conftest.py'.\u001b[0m\n\u001b[31m\u001b[1m\u001b[31mqa_llm_data/repos/browser-use__browser-use/tests/ci/conftest.py\u001b[0m:13: in <module>\u001b[0m\n\u001b[31m    \u001b[0m\u001b[94mfrom\u001b[39;49;00m\u001b[90m \u001b[39;49;00m\u001b[04m\u001b[96mdotenv\u001b[39;49;00m\u001b[90m \u001b[39;49;00m\u001b[94mimport\u001b[39;49;00m load_dotenv\u001b[90m\u001b[39;49;00m\u001b[0m\n\u001b[31m\u001b[1m\u001b[31mE   ModuleNotFoundError: No module named 'dotenv'\u001b[0m\u001b[0m\n", "output": "{\"classification\": \"ImportError\", \"qa_label\": \"not_production_ready\", \"qa_decision\": \"BLOCK\"}"}
{"instruction": "You are a QA decision engine. Analyze pytest output and return a JSON decision.", "input": "\n\u001b[31mImportError while loading conftest '/Users/vishweshpv/Coding/Python/QA_Unit_Test_Model/qa_llm_data/repos/vllm-project__vllm/tests/conftest.py'.\u001b[0m\n\u001b[31m\u001b[1m\u001b[31mqa_llm_data/repos/vllm-project__vllm/tests/conftest.py\u001b[0m:7: in <module>\u001b[0m\n\u001b[31m    \u001b[0m\u001b[94mfrom\u001b[39;49;00m\u001b[90m \u001b[39;49;00m\u001b[04m\u001b[96mtblib\u001b[39;49;00m\u001b[90m \u001b[39;49;00m\u001b[94mimport\u001b[39;49;00m pickling_support\u001b[90m\u001b[39;49;00m\u001b[0m\n\u001b[31m\u001b[1m\u001b[31mE   ModuleNotFoundError: No module named 'tblib'\u001b[0m\u001b[0m\n", "output": "{\"classification\": \"ImportError\", \"qa_label\": \"not_production_ready\", \"qa_decision\": \"BLOCK\"}"}
{"instruction": "You are a QA decision engine. Analyze pytest output and return a JSON decision.", "input": "\u001b[1m============================= test session starts ==============================\u001b[0m\nplatform darwin -- Python 3.10.19, pytest-9.0.2, pluggy-1.6.0\nrootdir: /Users/vishweshpv/Coding/Python/QA_Unit_Test_Model/qa_llm_data/repos/unclecode__crawl4ai\nconfigfile: pyproject.toml\nplugins: anyio-4.12.0, xdist-3.8.0, cov-7.0.0\ncollected 0 items / 1 error\n\n==================================== ERRORS ====================================\n\u001b[31m\u001b[1m_________ ERROR collecting tests/browser/docker/test_docker_browser.py _________\u001b[0m\n\u001b[31mImportError while importing test module '/Users/vishweshpv/Coding/Python/QA_Unit_Test_Model/qa_llm_data/repos/unclecode__crawl4ai/tests/browser/docker/test_docker_browser.py'.\nHint: make sure your test modules/packages have valid Python names.\nTraceback:\n\u001b[1m\u001b[31m/opt/anaconda3/envs/tf_py310123/lib/python3.10/importlib/__init__.py\u001b[0m:126: in import_module\n    \u001b[0m\u001b[94mreturn\u001b[39;49;00m _bootstrap._gcd_import(name[level:], package, level)\u001b[90m\u001b[39;49;00m\n\u001b[1m\u001b[31mqa_llm_data/repos/unclecode__crawl4ai/tests/browser/docker/test_docker_browser.py\u001b[0m:17: in <module>\n    \u001b[0m\u001b[94mfrom\u001b[39;49;00m\u001b[90m \u001b[39;49;00m\u001b[04m\u001b[96mcrawl4ai\u001b[39;49;00m\u001b[04m\u001b[96m.\u001b[39;49;00m\u001b[04m\u001b[96mbrowser\u001b[39;49;00m\u001b[90m \u001b[39;49;00m\u001b[94mimport\u001b[39;49;00m BrowserManager\u001b[90m\u001b[39;49;00m\n\u001b[1m\u001b[31mE   ModuleNotFoundError: No module named 'crawl4ai'\u001b[0m\u001b[0m\n\u001b[36m\u001b[1m=========================== short test summary info ============================\u001b[0m\n\u001b[31mERROR\u001b[0m qa_llm_data/repos/unclecode__crawl4ai/tests/browser/docker/test_docker_browser.py\n!!!!!!!!!!!!!!!!!!!! Interrupted: 1 error during collection !!!!!!!!!!!!!!!!!!!!\n\u001b[31m=============================== \u001b[31m\u001b[1m1 error\u001b[0m\u001b[31m in 0.12s\u001b[0m\u001b[31m ===============================\u001b[0m\n\n", "output": "{\"classification\": \"ImportError\", \"qa_label\": \"not_production_ready\", \"qa_decision\": \"BLOCK\"}"}
{"instruction": "You are a QA decision engine. Analyze pytest output and return a JSON decision.", "input": "\n\u001b[31mImportError while loading conftest '/Users/vishweshpv/Coding/Python/QA_Unit_Test_Model/qa_llm_data/repos/hiyouga__LLaMA-Factory/tests/conftest.py'.\u001b[0m\n\u001b[31m\u001b[1m\u001b[31mqa_llm_data/repos/hiyouga__LLaMA-Factory/tests/conftest.py\u001b[0m:26: in <module>\u001b[0m\n\u001b[31m    \u001b[0m\u001b[94mfrom\u001b[39;49;00m\u001b[90m \u001b[39;49;00m\u001b[04m\u001b[96mllamafactory\u001b[39;49;00m\u001b[04m\u001b[96m.\u001b[39;49;00m\u001b[04m\u001b[96mextras\u001b[39;49;00m\u001b[04m\u001b[96m.\u001b[39;49;00m\u001b[04m\u001b[96mmisc\u001b[39;49;00m\u001b[90m \u001b[39;49;00m\u001b[94mimport\u001b[39;49;00m get_current_device, get_device_count, is_env_enabled\u001b[90m\u001b[39;49;00m\u001b[0m\n\u001b[31m\u001b[1m\u001b[31mE   ModuleNotFoundError: No module named 'llamafactory'\u001b[0m\u001b[0m\n", "output": "{\"classification\": \"ImportError\", \"qa_label\": \"not_production_ready\", \"qa_decision\": \"BLOCK\"}"}
